  findText.cpp
  findText.vcxproj -> C:\Programming\oop\1lab\findText\x64\Debug\findText.exe
  Текущая кодовая страница: 1251
  Run with 0 arguments
  Test 1 passed
  Run with 1 arguments
  Test 2 passed
  Run with 3 arguments
  Test 3 passed
  Faild to open fail
  Test 4 passed
  Find empty string
  Test 5 passed
  Find in empty file
  Test 6 passed
  Find in english text
  Test 7 passed
  Find in russian text
  Test 8 passed
  English text not find 
  Test 9 passed
  Russian text not find 
  Test 10 passed
  All tests passed sucessfuly
